<?xml version="1.0" encoding="UTF-8"?>
<!-- Generated by org.testng.reporters.JUnitReportReporter -->
<testsuite hostname="MITHUN" failures="0" tests="1" name="Testcases.practicePageLanding" time="12.010" errors="0" timestamp="06 Jun 2020 17:33:13 GMT" skipped="0">
  <testcase classname="Testcases.practicePageLanding" name="landingPage" time="12.010"/>
</testsuite> <!-- Testcases.practicePageLanding -->
